<?xml version="1.0" encoding="UTF-8"?>
<!-- Generated by org.testng.reporters.JUnitXMLReporter -->
<testsuite hostname="ramsunkara" ignored="1" name="Default test" tests="2" failures="0" timestamp="19 Oct 2019 19:40:04 GMT" time="33.008" errors="0">
  <testcase name="LoginwithINValidDetails" time="0.725" classname="com.aots.qa.tests.LoginPageTest"/>
  <testcase name="checkAllLinkS" time="0.193" classname="com.aots.qa.tests.LoginPageTest"/>
  <testcase name="LoginwithValidDetails" time="0.0" classname="com.aots.qa.tests.LoginPageTest">
    <ignored/>
  </testcase> <!-- LoginwithValidDetails -->
</testsuite> <!-- Default test -->
